TN:
SF:app/helperFunctions/sendWhatsAppMessage.ts
FN:25,encryptSensitiveData
FN:47,isValidPhoneNumber
FN:55,sendWhatsAppMessage
FNF:3
FNH:3
FNDA:2,encryptSensitiveData
FNDA:4,isValidPhoneNumber
FNDA:4,sendWhatsAppMessage
DA:4,1
DA:26,2
DA:27,2
DA:28,0
DA:32,2
DA:33,2
DA:34,2
DA:37,0
DA:38,0
DA:39,0
DA:40,0
DA:41,0
DA:49,4
DA:57,4
DA:58,1
DA:62,3
DA:63,3
DA:65,3
DA:66,0
DA:70,3
DA:71,3
DA:72,3
DA:74,3
DA:75,1
DA:79,2
DA:81,2
DA:83,2
DA:84,2
DA:85,2
DA:86,0
DA:90,2
DA:93,2
DA:95,0
DA:113,0
DA:114,0
DA:115,0
DA:120,0
DA:123,0
DA:124,0
DA:130,0
DA:131,0
DA:138,0
DA:141,2
DA:142,2
DA:147,2
DA:148,2
LF:46
LH:28
BRDA:4,0,0,1
BRDA:4,0,1,1
BRDA:27,1,0,0
BRDA:32,2,0,0
BRDA:32,2,1,2
BRDA:33,3,0,2
BRDA:57,4,0,1
BRDA:65,5,0,0
BRDA:65,6,0,3
BRDA:65,6,1,3
BRDA:74,7,0,1
BRDA:85,8,0,0
BRDA:113,9,0,0
BRDA:144,10,0,2
BRDA:144,10,1,0
BRF:15
BRH:9
end_of_record
